<?xml version="1.0" encoding="UTF-8"?>
<testsuite name="models.TaskTest" tests="11" skipped="0" failures="0" errors="0" timestamp="2025-09-19T13:10:39" hostname="waithera-HP-ProBook-430-G8-Notebook-PC" time="0.047">
  <properties/>
  <testcase name="TaskInstantiatesWithDescription_true()" classname="models.TaskTest" time="0.02"/>
  <testcase name="tasksInstantiateWithId()" classname="models.TaskTest" time="0.002"/>
  <testcase name="updateChangesTaskContent()" classname="models.TaskTest" time="0.002"/>
  <testcase name="isCompletedPropertyIsFalseAfterInstantiation()" classname="models.TaskTest" time="0.002"/>
  <testcase name="NewTaskObjectGetsCorrectlyCreated_true()" classname="models.TaskTest" time="0.001"/>
  <testcase name="AllTasksAreCorrectlyReturned_true()" classname="models.TaskTest" time="0.001"/>
  <testcase name="findReturnsCorrectTask()" classname="models.TaskTest" time="0.002"/>
  <testcase name="getCreatedAtInstantiatesWithCurrentTimeToday()" classname="models.TaskTest" time="0.002"/>
  <testcase name="deleteDeletesASpecificTask()" classname="models.TaskTest" time="0.001"/>
  <testcase name="findReturnsCorrectTaskWhenMoreThanOneTaskExists()" classname="models.TaskTest" time="0.001"/>
  <testcase name="AllTasksContainsAllTasks_true()" classname="models.TaskTest" time="0.001"/>
  <system-out><![CDATA[]]></system-out>
  <system-err><![CDATA[]]></system-err>
</testsuite>
